<?xml version="1.0" encoding="UTF-8"?>
<!-- Generated by org.testng.reporters.JUnitXMLReporter -->
<testsuite hostname="Sowbhas-iMac.local" ignored="0" name="ParallelTest2 Browser Firefox" tests="5" failures="0" timestamp="29 May 2019 12:24:10 GMT" time="37.363" errors="0">
  <testcase name="validatecommentsTest" time="0.944" classname="com.wordpress.xyz.DashboardpageTest"/>
  <testcase name="validatecreatepageTest" time="6.066" classname="com.wordpress.xyz.DashboardpageTest"/>
  <testcase name="validatecustomizeTest" time="5.316" classname="com.wordpress.xyz.DashboardpageTest"/>
  <testcase name="validatefirstenrtyTest" time="4.349" classname="com.wordpress.xyz.DashboardpageTest"/>
  <testcase name="validatepostTest" time="0.357" classname="com.wordpress.xyz.DashboardpageTest"/>
</testsuite> <!-- ParallelTest2 Browser Firefox -->
