<?xml version="1.0" encoding="UTF-8"?>
<!-- Generated by org.testng.reporters.JUnitXMLReporter -->
<testsuite hostname="Sowbhas-iMac.local" ignored="0" name="ParallelTest1 Browser Chrome" tests="5" failures="0" timestamp="29 May 2019 12:23:33 GMT" time="29.063" errors="0">
  <testcase name="validatecommentsTest" time="0.613" classname="com.wordpress.xyz.DashboardpageTest"/>
  <testcase name="validatecreatepageTest" time="5.913" classname="com.wordpress.xyz.DashboardpageTest"/>
  <testcase name="validatecustomizeTest" time="4.249" classname="com.wordpress.xyz.DashboardpageTest"/>
  <testcase name="validatefirstenrtyTest" time="1.819" classname="com.wordpress.xyz.DashboardpageTest"/>
  <testcase name="validatepostTest" time="0.458" classname="com.wordpress.xyz.DashboardpageTest"/>
</testsuite> <!-- ParallelTest1 Browser Chrome -->
