<?xml version="1.0" encoding="UTF-8"?>
<testng-results skipped="0" failed="1" ignored="0" total="6" passed="5">
  <reporter-output>
  </reporter-output>
  <suite name="DashboardpageTest" duration-ms="43728" started-at="2019-05-30T06:24:58Z" finished-at="2019-05-30T06:25:42Z">
    <groups>
    </groups>
    <test name=" Browser Chrome" duration-ms="43728" started-at="2019-05-30T06:24:58Z" finished-at="2019-05-30T06:25:42Z">
      <class name="com.wordpress.xyz.DashboardpageTest">
        <test-method status="PASS" signature="getBrowser(java.lang.String)[pri:0, instance:com.wordpress.xyz.DashboardpageTest@4b53f538]" name="getBrowser" is-config="true" duration-ms="4869" started-at="2019-05-30T06:24:58Z" finished-at="2019-05-30T06:25:03Z">
          <params>
            <param index="0">
              <value>
                <![CDATA[chrome]]>
              </value>
            </param>
          </params>
          <reporter-output>
          </reporter-output>
        </test-method> <!-- getBrowser -->
        <test-method status="PASS" signature="setUp()[pri:0, instance:com.wordpress.xyz.DashboardpageTest@4b53f538]" name="setUp" is-config="true" duration-ms="6848" started-at="2019-05-30T06:25:03Z" finished-at="2019-05-30T06:25:10Z">
          <reporter-output>
          </reporter-output>
        </test-method> <!-- setUp -->
        <test-method status="PASS" signature="validatecreatepageTest()[pri:0, instance:com.wordpress.xyz.DashboardpageTest@4b53f538]" name="validatecreatepageTest" duration-ms="4645" started-at="2019-05-30T06:25:10Z" finished-at="2019-05-30T06:25:15Z">
          <reporter-output>
          </reporter-output>
        </test-method> <!-- validatecreatepageTest -->
        <test-method status="PASS" signature="tearDown()[pri:0, instance:com.wordpress.xyz.DashboardpageTest@4b53f538]" name="tearDown" is-config="true" duration-ms="1" started-at="2019-05-30T06:25:15Z" finished-at="2019-05-30T06:25:15Z">
          <reporter-output>
          </reporter-output>
        </test-method> <!-- tearDown -->
        <test-method status="PASS" signature="setUp()[pri:0, instance:com.wordpress.xyz.DashboardpageTest@4b53f538]" name="setUp" is-config="true" duration-ms="1667" started-at="2019-05-30T06:25:15Z" finished-at="2019-05-30T06:25:16Z">
          <reporter-output>
          </reporter-output>
        </test-method> <!-- setUp -->
        <test-method status="PASS" signature="validatefirstenrtyTest()[pri:0, instance:com.wordpress.xyz.DashboardpageTest@4b53f538]" name="validatefirstenrtyTest" duration-ms="1616" started-at="2019-05-30T06:25:16Z" finished-at="2019-05-30T06:25:18Z">
          <reporter-output>
          </reporter-output>
        </test-method> <!-- validatefirstenrtyTest -->
        <test-method status="PASS" signature="tearDown()[pri:0, instance:com.wordpress.xyz.DashboardpageTest@4b53f538]" name="tearDown" is-config="true" duration-ms="1" started-at="2019-05-30T06:25:18Z" finished-at="2019-05-30T06:25:18Z">
          <reporter-output>
          </reporter-output>
        </test-method> <!-- tearDown -->
        <test-method status="PASS" signature="setUp()[pri:0, instance:com.wordpress.xyz.DashboardpageTest@4b53f538]" name="setUp" is-config="true" duration-ms="2960" started-at="2019-05-30T06:25:18Z" finished-at="2019-05-30T06:25:21Z">
          <reporter-output>
          </reporter-output>
        </test-method> <!-- setUp -->
        <test-method status="FAIL" signature="ValidateLogin()[pri:0, instance:com.wordpress.xyz.DashboardpageTest@4b53f538]" name="ValidateLogin" duration-ms="7466" started-at="2019-05-30T06:25:21Z" finished-at="2019-05-30T06:25:28Z">
          <exception class="org.openqa.selenium.NoSuchElementException">
            <message>
              <![CDATA[no such element: Unable to locate element: {"method":"xpath","selector":"//input[@id='user_login']"}
  (Session info: chrome=74.0.3729.169)
  (Driver info: chromedriver=74.0.3729.6 (255758eccf3d244491b8a1317aa76e1ce10d57e9-refs/branch-heads/3729@{#29}),platform=Mac OS X 10.12.6 x86_64) (WARNING: The server did not provide any stacktrace information)
Command duration or timeout: 0 milliseconds
For documentation on this error, please visit: https://www.seleniumhq.org/exceptions/no_such_element.html
Build info: version: '3.141.59', revision: 'e82be7d358', time: '2018-11-14T08:17:03'
System info: host: 'Sowbhas-iMac.local', ip: '10.79.0.23', os.name: 'Mac OS X', os.arch: 'x86_64', os.version: '10.12.6', java.version: '1.8.0_201'
Driver info: org.openqa.selenium.chrome.ChromeDriver
Capabilities {acceptInsecureCerts: false, acceptSslCerts: false, applicationCacheEnabled: false, browserConnectionEnabled: false, browserName: chrome, chrome: {chromedriverVersion: 74.0.3729.6 (255758eccf3d24..., userDataDir: /var/folders/kw/37dwzp7n23q...}, cssSelectorsEnabled: true, databaseEnabled: false, goog:chromeOptions: {debuggerAddress: localhost:62391}, handlesAlerts: true, hasTouchScreen: false, javascriptEnabled: true, locationContextEnabled: true, mobileEmulationEnabled: false, nativeEvents: true, networkConnectionEnabled: false, pageLoadStrategy: normal, platform: MAC, platformName: MAC, proxy: Proxy(), rotatable: false, setWindowRect: true, strictFileInteractability: false, takesHeapSnapshot: true, takesScreenshot: true, timeouts: {implicit: 0, pageLoad: 300000, script: 30000}, unexpectedAlertBehaviour: ignore, unhandledPromptBehavior: ignore, version: 74.0.3729.169, webStorageEnabled: true}
Session ID: 5fa12fd1f603f1572e14d19030ebcf08
*** Element info: {Using=xpath, value=//input[@id='user_login']}]]>
            </message>
            <full-stacktrace>
              <![CDATA[org.openqa.selenium.NoSuchElementException: no such element: Unable to locate element: {"method":"xpath","selector":"//input[@id='user_login']"}
  (Session info: chrome=74.0.3729.169)
  (Driver info: chromedriver=74.0.3729.6 (255758eccf3d244491b8a1317aa76e1ce10d57e9-refs/branch-heads/3729@{#29}),platform=Mac OS X 10.12.6 x86_64) (WARNING: The server did not provide any stacktrace information)
Command duration or timeout: 0 milliseconds
For documentation on this error, please visit: https://www.seleniumhq.org/exceptions/no_such_element.html
Build info: version: '3.141.59', revision: 'e82be7d358', time: '2018-11-14T08:17:03'
System info: host: 'Sowbhas-iMac.local', ip: '10.79.0.23', os.name: 'Mac OS X', os.arch: 'x86_64', os.version: '10.12.6', java.version: '1.8.0_201'
Driver info: org.openqa.selenium.chrome.ChromeDriver
Capabilities {acceptInsecureCerts: false, acceptSslCerts: false, applicationCacheEnabled: false, browserConnectionEnabled: false, browserName: chrome, chrome: {chromedriverVersion: 74.0.3729.6 (255758eccf3d24..., userDataDir: /var/folders/kw/37dwzp7n23q...}, cssSelectorsEnabled: true, databaseEnabled: false, goog:chromeOptions: {debuggerAddress: localhost:62391}, handlesAlerts: true, hasTouchScreen: false, javascriptEnabled: true, locationContextEnabled: true, mobileEmulationEnabled: false, nativeEvents: true, networkConnectionEnabled: false, pageLoadStrategy: normal, platform: MAC, platformName: MAC, proxy: Proxy(), rotatable: false, setWindowRect: true, strictFileInteractability: false, takesHeapSnapshot: true, takesScreenshot: true, timeouts: {implicit: 0, pageLoad: 300000, script: 30000}, unexpectedAlertBehaviour: ignore, unhandledPromptBehavior: ignore, version: 74.0.3729.169, webStorageEnabled: true}
Session ID: 5fa12fd1f603f1572e14d19030ebcf08
*** Element info: {Using=xpath, value=//input[@id='user_login']}
at sun.reflect.NativeConstructorAccessorImpl.newInstance0(Native Method)
at sun.reflect.NativeConstructorAccessorImpl.newInstance(NativeConstructorAccessorImpl.java:62)
at sun.reflect.DelegatingConstructorAccessorImpl.newInstance(DelegatingConstructorAccessorImpl.java:45)
at java.lang.reflect.Constructor.newInstance(Constructor.java:423)
at org.openqa.selenium.remote.ErrorHandler.createThrowable(ErrorHandler.java:214)
at org.openqa.selenium.remote.ErrorHandler.throwIfResponseFailed(ErrorHandler.java:166)
at org.openqa.selenium.remote.http.JsonHttpResponseCodec.reconstructValue(JsonHttpResponseCodec.java:40)
at org.openqa.selenium.remote.http.AbstractHttpResponseCodec.decode(AbstractHttpResponseCodec.java:80)
at org.openqa.selenium.remote.http.AbstractHttpResponseCodec.decode(AbstractHttpResponseCodec.java:44)
at org.openqa.selenium.remote.HttpCommandExecutor.execute(HttpCommandExecutor.java:158)
at org.openqa.selenium.remote.service.DriverCommandExecutor.execute(DriverCommandExecutor.java:83)
at org.openqa.selenium.remote.RemoteWebDriver.execute(RemoteWebDriver.java:552)
at org.openqa.selenium.remote.RemoteWebDriver.findElement(RemoteWebDriver.java:323)
at org.openqa.selenium.remote.RemoteWebDriver.findElementByXPath(RemoteWebDriver.java:428)
at org.openqa.selenium.By$ByXPath.findElement(By.java:353)
at org.openqa.selenium.remote.RemoteWebDriver.findElement(RemoteWebDriver.java:315)
at org.openqa.selenium.support.pagefactory.DefaultElementLocator.findElement(DefaultElementLocator.java:69)
at org.openqa.selenium.support.pagefactory.internal.LocatingElementHandler.invoke(LocatingElementHandler.java:38)
at com.sun.proxy.$Proxy12.click(Unknown Source)
at com.wordpress.pagelayers.Loginpage.validatelogin(Loginpage.java:37)
at com.wordpress.xyz.DashboardpageTest.ValidateLogin(DashboardpageTest.java:43)
at sun.reflect.NativeMethodAccessorImpl.invoke0(Native Method)
at sun.reflect.NativeMethodAccessorImpl.invoke(NativeMethodAccessorImpl.java:62)
at sun.reflect.DelegatingMethodAccessorImpl.invoke(DelegatingMethodAccessorImpl.java:43)
at java.lang.reflect.Method.invoke(Method.java:498)
at org.testng.internal.MethodInvocationHelper.invokeMethod(MethodInvocationHelper.java:124)
at org.testng.internal.Invoker.invokeMethod(Invoker.java:583)
at org.testng.internal.Invoker.invokeTestMethod(Invoker.java:719)
at org.testng.internal.Invoker.invokeTestMethods(Invoker.java:989)
at org.testng.internal.TestMethodWorker.invokeTestMethods(TestMethodWorker.java:125)
at org.testng.internal.TestMethodWorker.run(TestMethodWorker.java:109)
at org.testng.TestRunner.privateRun(TestRunner.java:648)
at org.testng.TestRunner.run(TestRunner.java:505)
at org.testng.SuiteRunner.runTest(SuiteRunner.java:455)
at org.testng.SuiteRunner.runSequentially(SuiteRunner.java:450)
at org.testng.SuiteRunner.privateRun(SuiteRunner.java:415)
at org.testng.SuiteRunner.run(SuiteRunner.java:364)
at org.testng.SuiteRunnerWorker.runSuite(SuiteRunnerWorker.java:52)
at org.testng.SuiteRunnerWorker.run(SuiteRunnerWorker.java:84)
at org.testng.TestNG.runSuitesSequentially(TestNG.java:1208)
at org.testng.TestNG.runSuitesLocally(TestNG.java:1137)
at org.testng.TestNG.runSuites(TestNG.java:1049)
at org.testng.TestNG.run(TestNG.java:1017)
at org.testng.remote.AbstractRemoteTestNG.run(AbstractRemoteTestNG.java:115)
at org.testng.remote.RemoteTestNG.initAndRun(RemoteTestNG.java:251)
at org.testng.remote.RemoteTestNG.main(RemoteTestNG.java:77)
]]>
            </full-stacktrace>
          </exception> <!-- org.openqa.selenium.NoSuchElementException -->
          <reporter-output>
          </reporter-output>
        </test-method> <!-- ValidateLogin -->
        <test-method status="PASS" signature="tearDown()[pri:0, instance:com.wordpress.xyz.DashboardpageTest@4b53f538]" name="tearDown" is-config="true" duration-ms="29" started-at="2019-05-30T06:25:28Z" finished-at="2019-05-30T06:25:28Z">
          <reporter-output>
          </reporter-output>
        </test-method> <!-- tearDown -->
        <test-method status="PASS" signature="setUp()[pri:0, instance:com.wordpress.xyz.DashboardpageTest@4b53f538]" name="setUp" is-config="true" duration-ms="2028" started-at="2019-05-30T06:25:28Z" finished-at="2019-05-30T06:25:30Z">
          <reporter-output>
          </reporter-output>
        </test-method> <!-- setUp -->
        <test-method status="PASS" signature="validatecustomizeTest()[pri:0, instance:com.wordpress.xyz.DashboardpageTest@4b53f538]" name="validatecustomizeTest" duration-ms="6996" started-at="2019-05-30T06:25:30Z" finished-at="2019-05-30T06:25:37Z">
          <reporter-output>
          </reporter-output>
        </test-method> <!-- validatecustomizeTest -->
        <test-method status="PASS" signature="tearDown()[pri:0, instance:com.wordpress.xyz.DashboardpageTest@4b53f538]" name="tearDown" is-config="true" duration-ms="1" started-at="2019-05-30T06:25:37Z" finished-at="2019-05-30T06:25:37Z">
          <reporter-output>
          </reporter-output>
        </test-method> <!-- tearDown -->
        <test-method status="PASS" signature="setUp()[pri:0, instance:com.wordpress.xyz.DashboardpageTest@4b53f538]" name="setUp" is-config="true" duration-ms="1835" started-at="2019-05-30T06:25:37Z" finished-at="2019-05-30T06:25:39Z">
          <reporter-output>
          </reporter-output>
        </test-method> <!-- setUp -->
        <test-method status="PASS" signature="validatepostTest()[pri:0, instance:com.wordpress.xyz.DashboardpageTest@4b53f538]" name="validatepostTest" duration-ms="186" started-at="2019-05-30T06:25:39Z" finished-at="2019-05-30T06:25:40Z">
          <reporter-output>
          </reporter-output>
        </test-method> <!-- validatepostTest -->
        <test-method status="PASS" signature="tearDown()[pri:0, instance:com.wordpress.xyz.DashboardpageTest@4b53f538]" name="tearDown" is-config="true" duration-ms="1" started-at="2019-05-30T06:25:40Z" finished-at="2019-05-30T06:25:40Z">
          <reporter-output>
          </reporter-output>
        </test-method> <!-- tearDown -->
        <test-method status="PASS" signature="setUp()[pri:0, instance:com.wordpress.xyz.DashboardpageTest@4b53f538]" name="setUp" is-config="true" duration-ms="1620" started-at="2019-05-30T06:25:40Z" finished-at="2019-05-30T06:25:41Z">
          <reporter-output>
          </reporter-output>
        </test-method> <!-- setUp -->
        <test-method status="PASS" signature="validatecommentsTest()[pri:0, instance:com.wordpress.xyz.DashboardpageTest@4b53f538]" name="validatecommentsTest" duration-ms="738" started-at="2019-05-30T06:25:41Z" depends-on-methods="com.wordpress.xyz.DashboardpageTest.validatecreatepageTest" finished-at="2019-05-30T06:25:42Z">
          <reporter-output>
          </reporter-output>
        </test-method> <!-- validatecommentsTest -->
        <test-method status="PASS" signature="tearDown()[pri:0, instance:com.wordpress.xyz.DashboardpageTest@4b53f538]" name="tearDown" is-config="true" duration-ms="0" started-at="2019-05-30T06:25:42Z" finished-at="2019-05-30T06:25:42Z">
          <reporter-output>
          </reporter-output>
        </test-method> <!-- tearDown -->
        <test-method status="PASS" signature="closeBrowser()[pri:0, instance:com.wordpress.xyz.DashboardpageTest@4b53f538]" name="closeBrowser" is-config="true" duration-ms="173" started-at="2019-05-30T06:25:42Z" finished-at="2019-05-30T06:25:42Z">
          <reporter-output>
          </reporter-output>
        </test-method> <!-- closeBrowser -->
      </class> <!-- com.wordpress.xyz.DashboardpageTest -->
    </test> <!--  Browser Chrome -->
  </suite> <!-- DashboardpageTest -->
</testng-results>
