<?xml version="1.0" encoding="UTF-8"?>
<!-- Generated by org.testng.reporters.JUnitXMLReporter -->
<testsuite hostname="Sowbhas-iMac.local" ignored="0" name="Parameter Test two" tests="5" failures="0" timestamp="29 May 2019 12:41:58 GMT" time="46.522" errors="0">
  <testcase name="validatecommentsTest" time="1.25" classname="com.wordpress.xyz.DashboardpageTest"/>
  <testcase name="validatecreatepageTest" time="4.974" classname="com.wordpress.xyz.DashboardpageTest"/>
  <testcase name="validatecustomizeTest" time="9.484" classname="com.wordpress.xyz.DashboardpageTest"/>
  <testcase name="validatefirstenrtyTest" time="2.865" classname="com.wordpress.xyz.DashboardpageTest"/>
  <testcase name="validatepostTest" time="0.338" classname="com.wordpress.xyz.DashboardpageTest"/>
</testsuite> <!-- Parameter Test two -->
