<?xml version="1.0" encoding="UTF-8"?>
<!-- Generated by org.testng.reporters.JUnitXMLReporter -->
<testsuite hostname="Sowbhas-iMac.local" ignored="0" name="Parameter Test one" tests="4" failures="0" timestamp="29 May 2019 12:41:12 GMT" time="13.64" errors="0">
  <testcase name="validateincorrectloginTest1" time="1.247" classname="com.wordpress.xyz.LoginpageTest"/>
  <testcase name="validateincorrectloginTest2" time="0.856" classname="com.wordpress.xyz.LoginpageTest"/>
  <testcase name="validateloginTest" time="5.112" classname="com.wordpress.xyz.LoginpageTest"/>
  <testcase name="validatetitleTest" time="0.023" classname="com.wordpress.xyz.LoginpageTest"/>
</testsuite> <!-- Parameter Test one -->
